
-----
Test: tests/test_1.py::test_buy_product (call)
Start time: 2023-03-14 16:23:12.195144
Start name method: authorization

End time: 2023-03-14 16:23:18.815369
End name method: authorization
URL: https://www.dns-shop.ru/

-----

-----
Test: tests/test_1.py::test_buy_product (call)
Start time: 2023-03-14 16:23:18.815587
Start name method: select_smartphones_and_photo_equipment_catalog

End time: 2023-03-14 16:23:42.928322
End name method: select_smartphones_and_photo_equipment_catalog
URL: https://www.dns-shop.ru/catalog/17a890dc16404e77/smartfony-i-fototexnika/

-----

-----
Test: tests/test_1.py::test_buy_product (call)
Start time: 2023-03-14 16:23:42.928521
Start name method: select_smartphones_category

End time: 2023-03-14 16:23:43.629511
End name method: select_smartphones_category
URL: https://www.dns-shop.ru/catalog/17a8a01d16404e77/smartfony/

-----

-----
Test: tests/test_1.py::test_buy_product (call)
Start time: 2023-03-14 16:23:43.629640
Start name method: buy_product_by_filter

End time: 2023-03-14 16:23:56.734562
End name method: buy_product_by_filter
URL: https://www.dns-shop.ru/cart/

-----

-----
Test: tests/test_1.py::test_buy_product (call)
Start time: 2023-03-14 16:23:56.734763
Start name method: checking_purchases

End time: 2023-03-14 16:23:56.808669
End name method: checking_purchases
URL: https://www.dns-shop.ru/cart/

-----

-----
Test: tests/test_1.py::test_buy_product (call)
Start time: 2023-03-14 16:23:56.808832
Start name method: finish

End time: 2023-03-14 16:24:00.034779
End name method: finish
URL: https://www.dns-shop.ru/checkout-main/

-----
